Started by user [8mha:////4HgoqM+DOngS4o43JJUg5UPC7tYhL4yd9twDg8p618TBAAAAlh+LCAAAAAAAAP9b85aBtbiIQTGjNKU4P08vOT+vOD8nVc83PyU1x6OyILUoJzMv2y+/JJUBAhiZGBgqihhk0NSjKDWzXb3RdlLBUSYGJk8GtpzUvPSSDB8G5tKinBIGIZ+sxLJE/ZzEvHT94JKizLx0a6BxUmjGOUNodHsLgAzhEgYu/dLi1CL9kozSAgD9tHdGvwAAAA==[0mtheeraprased meemui
[8mha:////4HRRFHiGfVPcWEY9n5vnqn2btODG/Iv4lvB4Qq0bb9CjAAAAhB+LCAAAAAAAAP9b85aBtbiIwSa/KF0vKzUvOzOvODlTryCnNB3I0kvPLMkoTYpPKkrMS86IL84vLUpO1XPPLPEoTXLOzyvOz0n1yy9JZYAARiYGRi8GzpLM3NTiksTcgooiBqmM0pTi/Dy9ZIhiPayaGCoKgHSert+hIwDvjrBKjgAAAA==[0mConnecting to https://api.github.com using THUPzZ/******
Obtained Jenkinsfile from a0cc66b569f649e2d97e9d4fb9c620bf6df54021
Running in Durability level: MAX_SURVIVABILITY

GitHub has been notified of this commitâ€™s build result

org.codehaus.groovy.control.MultipleCompilationErrorsException: startup failed:
WorkflowScript: 9: Unknown stage section "checkout". Starting with version 0.5, steps in a stage must be in a â€˜stepsâ€™ block. @ line 9, column 9.
           stage('Checkout') {
           ^

WorkflowScript: 9: Expected one of "steps", "stages", or "parallel" for stage "Checkout" @ line 9, column 9.
           stage('Checkout') {
           ^

2 errors

	at org.codehaus.groovy.control.ErrorCollector.failIfErrors(ErrorCollector.java:310)
	at org.codehaus.groovy.control.CompilationUnit.applyToPrimaryClassNodes(CompilationUnit.java:1085)
	at org.codehaus.groovy.control.CompilationUnit.doPhaseOperation(CompilationUnit.java:603)
	at org.codehaus.groovy.control.CompilationUnit.processPhaseOperations(CompilationUnit.java:581)
	at org.codehaus.groovy.control.CompilationUnit.compile(CompilationUnit.java:558)
	at groovy.lang.GroovyClassLoader.doParseClass(GroovyClassLoader.java:298)
	at groovy.lang.GroovyClassLoader.parseClass(GroovyClassLoader.java:268)
	at groovy.lang.GroovyShell.parseClass(GroovyShell.java:688)
	at groovy.lang.GroovyShell.parse(GroovyShell.java:700)
	at org.jenkinsci.plugins.workflow.cps.CpsGroovyShell.doParse(CpsGroovyShell.java:142)
	at org.jenkinsci.plugins.workflow.cps.CpsGroovyShell.reparse(CpsGroovyShell.java:127)
	at org.jenkinsci.plugins.workflow.cps.CpsFlowExecution.parseScript(CpsFlowExecution.java:561)
	at org.jenkinsci.plugins.workflow.cps.CpsFlowExecution.start(CpsFlowExecution.java:522)
	at org.jenkinsci.plugins.workflow.job.WorkflowRun.run(WorkflowRun.java:327)
	at hudson.model.ResourceController.execute(ResourceController.java:97)
	at hudson.model.Executor.run(Executor.java:429)
Finished: FAILURE
